2022-07-27 16:55:13,523 SelectorIOServicesAdapter.set_writer(488, <bound method _AsyncPlaintextTransport._on_socket_writable of <pika.adapters.utils.io_services_utils._AsyncPlaintextTransport object at 0x0000026D5BF9CCD0>>)
2022-07-27 16:55:13,523 set_writer(488, _) updated handler RdWr
2022-07-27 16:55:13,523 Turned on writability watcher: <socket.socket fd=488, family=AddressFamily.AF_INET6, type=SocketKind.SOCK_STREAM, proto=6, laddr=('::1', 56394, 0, 0), raddr=('::1', 5672, 0, 0)>
2022-07-27 16:55:13,523 Entering blocking state on frame <Basic.Consume(['arguments={}', 'consumer_tag=ctag1.16b93966fa7c4ccca8d9ca6ba681b711', 'exclusive=False', 'no_ack=True', 'no_local=False', 'nowait=False', 'queue=cpu_info', 'ticket=0'])>; acceptable_replies=[(<class 'pika.spec.Basic.ConsumeOk'>, {'consumer_tag': 'ctag1.16b93966fa7c4ccca8d9ca6ba681b711'})]
2022-07-27 16:55:13,523 Adding on_synchronous_complete callback
2022-07-27 16:55:13,523 Added: {'callback': <bound method Channel._on_synchronous_complete of <Channel number=1 OPEN conn=<SelectConnection OPEN transport=<pika.adapters.utils.io_services_utils._AsyncPlaintextTransport object at 0x0000026D5BF9CCD0> params=<ConnectionParameters host=localhost port=5672 virtual_host=/ ssl=False>>>>, 'one_shot': True, 'only': None, 'arguments': {'consumer_tag': 'ctag1.16b93966fa7c4ccca8d9ca6ba681b711'}, 'calls': 1}
2022-07-27 16:55:13,523 Adding passed-in RPC response callback
2022-07-27 16:55:13,523 Added: {'callback': <bound method Channel._on_eventok of <Channel number=1 OPEN conn=<SelectConnection OPEN transport=<pika.adapters.utils.io_services_utils._AsyncPlaintextTransport object at 0x0000026D5BF9CCD0> params=<ConnectionParameters host=localhost port=5672 virtual_host=/ ssl=False>>>>, 'one_shot': True, 'only': None, 'arguments': {'consumer_tag': 'ctag1.16b93966fa7c4ccca8d9ca6ba681b711'}, 'calls': 1}
2022-07-27 16:55:13,523 SelectorIOServicesAdapter.remove_writer(488)
2022-07-27 16:55:13,523 remove_writer(488) updated handler Rd
2022-07-27 16:55:13,523 Turned off writability watcher: <socket.socket fd=488, family=AddressFamily.AF_INET6, type=SocketKind.SOCK_STREAM, proto=6, laddr=('::1', 56394, 0, 0), raddr=('::1', 5672, 0, 0)>
2022-07-27 16:55:13,523 Processing 1:Basic.ConsumeOk
2022-07-27 16:55:13,523 Processing use of oneshot callback
2022-07-27 16:55:13,523 0 registered uses left
2022-07-27 16:55:13,523 Comparing {'consumer_tag': 'ctag1.16b93966fa7c4ccca8d9ca6ba681b711'} to {'consumer_tag': 'ctag1.16b93966fa7c4ccca8d9ca6ba681b711'}
2022-07-27 16:55:13,523 Removing callback #1: {'callback': <bound method Channel._on_synchronous_complete of <Channel number=1 OPEN conn=<SelectConnection OPEN transport=<pika.adapters.utils.io_services_utils._AsyncPlaintextTransport object at 0x0000026D5BF9CCD0> params=<ConnectionParameters host=localhost port=5672 virtual_host=/ ssl=False>>>>, 'one_shot': True, 'only': None, 'arguments': {'consumer_tag': 'ctag1.16b93966fa7c4ccca8d9ca6ba681b711'}, 'calls': 0}
2022-07-27 16:55:13,523 Processing use of oneshot callback
2022-07-27 16:55:13,523 0 registered uses left
2022-07-27 16:55:13,523 Comparing {'consumer_tag': 'ctag1.16b93966fa7c4ccca8d9ca6ba681b711'} to {'consumer_tag': 'ctag1.16b93966fa7c4ccca8d9ca6ba681b711'}
2022-07-27 16:55:13,523 Removing callback #1: {'callback': <bound method Channel._on_eventok of <Channel number=1 OPEN conn=<SelectConnection OPEN transport=<pika.adapters.utils.io_services_utils._AsyncPlaintextTransport object at 0x0000026D5BF9CCD0> params=<ConnectionParameters host=localhost port=5672 virtual_host=/ ssl=False>>>>, 'one_shot': True, 'only': None, 'arguments': {'consumer_tag': 'ctag1.16b93966fa7c4ccca8d9ca6ba681b711'}, 'calls': 0}
2022-07-27 16:55:13,523 Calling <bound method _CallbackResult.signal_once of <pika.adapters.blocking_connection._CallbackResult object at 0x0000026D5BFDEBC0>> for "1:Basic.ConsumeOk"
2022-07-27 16:55:13,523 Calling <bound method Channel._on_synchronous_complete of <Channel number=1 OPEN conn=<SelectConnection OPEN transport=<pika.adapters.utils.io_services_utils._AsyncPlaintextTransport object at 0x0000026D5BF9CCD0> params=<ConnectionParameters host=localhost port=5672 virtual_host=/ ssl=False>>>> for "1:Basic.ConsumeOk"
2022-07-27 16:55:13,523 0 blocked frames
2022-07-27 16:55:13,523 Calling <bound method Channel._on_eventok of <Channel number=1 OPEN conn=<SelectConnection OPEN transport=<pika.adapters.utils.io_services_utils._AsyncPlaintextTransport object at 0x0000026D5BF9CCD0> params=<ConnectionParameters host=localhost port=5672 virtual_host=/ ssl=False>>>> for "1:Basic.ConsumeOk"
2022-07-27 16:55:13,523 Discarding frame <METHOD(['channel_number=1', 'frame_type=1', "method=<Basic.ConsumeOk(['consumer_tag=ctag1.16b93966fa7c4ccca8d9ca6ba681b711'])>"])>
2022-07-27 16:55:13,523 Recv would block on <socket.socket fd=488, family=AddressFamily.AF_INET6, type=SocketKind.SOCK_STREAM, proto=6, laddr=('::1', 56394, 0, 0), raddr=('::1', 5672, 0, 0)>
2022-07-27 16:55:13,531 {"cpu_count": 8, "cpu_usage": 11.6, "cpu_freq": 1803.0, "cpu_stats": {"ctx_switches": 61437834, "interrupts": 38928473, "soft_interrupts": 0, "syscalls": 521348030}, "memory": {"total": 16942211072, "available": 6936047616, "free": 6936047616, "used": 10006163456}, "disk_partitions": [["C:\\", "C:\\", "NTFS", "rw,fixed", 255, 260]]}
2022-07-27 16:55:13,532 {"cpu_count": 8, "cpu_usage": 3.7, "cpu_freq": 1803.0, "cpu_stats": {"ctx_switches": 61451196, "interrupts": 38937404, "soft_interrupts": 0, "syscalls": 521506554}, "memory": {"total": 16942211072, "available": 6963576832, "free": 6963576832, "used": 9978634240}, "disk_partitions": [["C:\\", "C:\\", "NTFS", "rw,fixed", 255, 260]]}
2022-07-27 16:55:13,533 {"cpu_count": 8, "cpu_usage": 2.6, "cpu_freq": 1803.0, "cpu_stats": {"ctx_switches": 61467494, "interrupts": 38948704, "soft_interrupts": 0, "syscalls": 521690324}, "memory": {"total": 16942211072, "available": 6968111104, "free": 6968111104, "used": 9974099968}, "disk_partitions": [["C:\\", "C:\\", "NTFS", "rw,fixed", 255, 260]]}
2022-07-27 16:55:13,533 {"cpu_count": 8, "cpu_usage": 1.3, "cpu_freq": 1803.0, "cpu_stats": {"ctx_switches": 61478240, "interrupts": 38956061, "soft_interrupts": 0, "syscalls": 521781720}, "memory": {"total": 16942211072, "available": 6984470528, "free": 6984470528, "used": 9957740544}, "disk_partitions": [["C:\\", "C:\\", "NTFS", "rw,fixed", 255, 260]]}
2022-07-27 16:55:13,534 {"cpu_count": 8, "cpu_usage": 2.7, "cpu_freq": 1803.0, "cpu_stats": {"ctx_switches": 61494708, "interrupts": 38967141, "soft_interrupts": 0, "syscalls": 521987506}, "memory": {"total": 16942211072, "available": 6976634880, "free": 6976634880, "used": 9965576192}, "disk_partitions": [["C:\\", "C:\\", "NTFS", "rw,fixed", 255, 260]]}
2022-07-27 16:55:13,535 {"cpu_count": 8, "cpu_usage": 1.9, "cpu_freq": 1803.0, "cpu_stats": {"ctx_switches": 61504833, "interrupts": 38974002, "soft_interrupts": 0, "syscalls": 522066534}, "memory": {"total": 16942211072, "available": 7130632192, "free": 7130632192, "used": 9811578880}, "disk_partitions": [["C:\\", "C:\\", "NTFS", "rw,fixed", 255, 260]]}
2022-07-27 16:55:13,536 {"cpu_count": 8, "cpu_usage": 3.9, "cpu_freq": 1803.0, "cpu_stats": {"ctx_switches": 61532561, "interrupts": 38986303, "soft_interrupts": 0, "syscalls": 522497408}, "memory": {"total": 16942211072, "available": 7131373568, "free": 7131373568, "used": 9810837504}, "disk_partitions": [["C:\\", "C:\\", "NTFS", "rw,fixed", 255, 260]]}
2022-07-27 16:55:13,537 {"cpu_count": 8, "cpu_usage": 2.5, "cpu_freq": 1803.0, "cpu_stats": {"ctx_switches": 61545466, "interrupts": 38994926, "soft_interrupts": 0, "syscalls": 522629418}, "memory": {"total": 16942211072, "available": 7132139520, "free": 7132139520, "used": 9810071552}, "disk_partitions": [["C:\\", "C:\\", "NTFS", "rw,fixed", 255, 260]]}
2022-07-27 16:55:13,538 {"cpu_count": 8, "cpu_usage": 2.7, "cpu_freq": 1803.0, "cpu_stats": {"ctx_switches": 61562413, "interrupts": 39006418, "soft_interrupts": 0, "syscalls": 522836310}, "memory": {"total": 16942211072, "available": 7129894912, "free": 7129894912, "used": 9812316160}, "disk_partitions": [["C:\\", "C:\\", "NTFS", "rw,fixed", 255, 260]]}
2022-07-27 16:55:13,539 {"cpu_count": 8, "cpu_usage": 4.1, "cpu_freq": 1803.0, "cpu_stats": {"ctx_switches": 61576655, "interrupts": 39015611, "soft_interrupts": 0, "syscalls": 522964376}, "memory": {"total": 16942211072, "available": 7143501824, "free": 7143501824, "used": 9798709248}, "disk_partitions": [["C:\\", "C:\\", "NTFS", "rw,fixed", 255, 260]]}
2022-07-27 16:55:13,540 {"cpu_count": 8, "cpu_usage": 5.0, "cpu_freq": 1803.0, "cpu_stats": {"ctx_switches": 61590381, "interrupts": 39025125, "soft_interrupts": 0, "syscalls": 523144018}, "memory": {"total": 16942211072, "available": 7147356160, "free": 7147356160, "used": 9794854912}, "disk_partitions": [["C:\\", "C:\\", "NTFS", "rw,fixed", 255, 260]]}
2022-07-27 16:55:13,541 {"cpu_count": 8, "cpu_usage": 4.4, "cpu_freq": 1803.0, "cpu_stats": {"ctx_switches": 61607925, "interrupts": 39035459, "soft_interrupts": 0, "syscalls": 523306133}, "memory": {"total": 16942211072, "available": 7143055360, "free": 7143055360, "used": 9799155712}, "disk_partitions": [["C:\\", "C:\\", "NTFS", "rw,fixed", 255, 260]]}
2022-07-27 16:55:13,542 {"cpu_count": 8, "cpu_usage": 2.5, "cpu_freq": 1803.0, "cpu_stats": {"ctx_switches": 61623469, "interrupts": 39046745, "soft_interrupts": 0, "syscalls": 523487742}, "memory": {"total": 16942211072, "available": 7156178944, "free": 7156178944, "used": 9786032128}, "disk_partitions": [["C:\\", "C:\\", "NTFS", "rw,fixed", 255, 260]]}
2022-07-27 16:55:13,542 {"cpu_count": 8, "cpu_usage": 1.5, "cpu_freq": 1803.0, "cpu_stats": {"ctx_switches": 61635310, "interrupts": 39054945, "soft_interrupts": 0, "syscalls": 523586181}, "memory": {"total": 16942211072, "available": 7156289536, "free": 7156289536, "used": 9785921536}, "disk_partitions": [["C:\\", "C:\\", "NTFS", "rw,fixed", 255, 260]]}
2022-07-27 16:55:13,543 {"cpu_count": 8, "cpu_usage": 2.1, "cpu_freq": 1803.0, "cpu_stats": {"ctx_switches": 61648189, "interrupts": 39064022, "soft_interrupts": 0, "syscalls": 523757427}, "memory": {"total": 16942211072, "available": 7159873536, "free": 7159873536, "used": 9782337536}, "disk_partitions": [["C:\\", "C:\\", "NTFS", "rw,fixed", 255, 260]]}
2022-07-27 16:55:13,544 {"cpu_count": 8, "cpu_usage": 2.3, "cpu_freq": 1803.0, "cpu_stats": {"ctx_switches": 61658748, "interrupts": 39070772, "soft_interrupts": 0, "syscalls": 523849228}, "memory": {"total": 16942211072, "available": 7155908608, "free": 7155908608, "used": 9786302464}, "disk_partitions": [["C:\\", "C:\\", "NTFS", "rw,fixed", 255, 260]]}
2022-07-27 16:55:13,545 {"cpu_count": 8, "cpu_usage": 2.2, "cpu_freq": 1803.0, "cpu_stats": {"ctx_switches": 61672901, "interrupts": 39081394, "soft_interrupts": 0, "syscalls": 524021768}, "memory": {"total": 16942211072, "available": 7163920384, "free": 7163920384, "used": 9778290688}, "disk_partitions": [["C:\\", "C:\\", "NTFS", "rw,fixed", 255, 260]]}
2022-07-27 16:55:13,546 {"cpu_count": 8, "cpu_usage": 3.1, "cpu_freq": 1803.0, "cpu_stats": {"ctx_switches": 61686481, "interrupts": 39090144, "soft_interrupts": 0, "syscalls": 524137006}, "memory": {"total": 16942211072, "available": 7157100544, "free": 7157100544, "used": 9785110528}, "disk_partitions": [["C:\\", "C:\\", "NTFS", "rw,fixed", 255, 260]]}
2022-07-27 16:55:13,547 {"cpu_count": 8, "cpu_usage": 4.8, "cpu_freq": 1803.0, "cpu_stats": {"ctx_switches": 61703908, "interrupts": 39100435, "soft_interrupts": 0, "syscalls": 524357473}, "memory": {"total": 16942211072, "available": 7141928960, "free": 7141928960, "used": 9800282112}, "disk_partitions": [["C:\\", "C:\\", "NTFS", "rw,fixed", 255, 260]]}
2022-07-27 16:55:13,548 {"cpu_count": 8, "cpu_usage": 7.4, "cpu_freq": 1803.0, "cpu_stats": {"ctx_switches": 61746477, "interrupts": 39120291, "soft_interrupts": 0, "syscalls": 525024347}, "memory": {"total": 16942211072, "available": 7143583744, "free": 7143583744, "used": 9798627328}, "disk_partitions": [["C:\\", "C:\\", "NTFS", "rw,fixed", 255, 260]]}
2022-07-27 16:55:13,549 {"cpu_count": 8, "cpu_usage": 9.3, "cpu_freq": 1803.0, "cpu_stats": {"ctx_switches": 61814843, "interrupts": 39169096, "soft_interrupts": 0, "syscalls": 525307020}, "memory": {"total": 16942211072, "available": 7088816128, "free": 7088816128, "used": 9853394944}, "disk_partitions": [["C:\\", "C:\\", "NTFS", "rw,fixed", 255, 260]]}
2022-07-27 16:55:13,550 {"cpu_count": 8, "cpu_usage": 7.0, "cpu_freq": 1803.0, "cpu_stats": {"ctx_switches": 61852289, "interrupts": 39195067, "soft_interrupts": 0, "syscalls": 525592630}, "memory": {"total": 16942211072, "available": 7074762752, "free": 7074762752, "used": 9867448320}, "disk_partitions": [["C:\\", "C:\\", "NTFS", "rw,fixed", 255, 260]]}
2022-07-27 16:55:13,551 {"cpu_count": 8, "cpu_usage": 2.7, "cpu_freq": 1803.0, "cpu_stats": {"ctx_switches": 61870269, "interrupts": 39210225, "soft_interrupts": 0, "syscalls": 525660030}, "memory": {"total": 16942211072, "available": 7100002304, "free": 7100002304, "used": 9842208768}, "disk_partitions": [["C:\\", "C:\\", "NTFS", "rw,fixed", 255, 260]]}
2022-07-27 16:55:13,552 {"cpu_count": 8, "cpu_usage": 4.0, "cpu_freq": 1803.0, "cpu_stats": {"ctx_switches": 61892272, "interrupts": 39223617, "soft_interrupts": 0, "syscalls": 525965204}, "memory": {"total": 16942211072, "available": 7087587328, "free": 7087587328, "used": 9854623744}, "disk_partitions": [["C:\\", "C:\\", "NTFS", "rw,fixed", 255, 260]]}
2022-07-27 16:55:13,553 {"cpu_count": 8, "cpu_usage": 1.4, "cpu_freq": 1803.0, "cpu_stats": {"ctx_switches": 61904468, "interrupts": 39231826, "soft_interrupts": 0, "syscalls": 526045141}, "memory": {"total": 16942211072, "available": 7072464896, "free": 7072464896, "used": 9869746176}, "disk_partitions": [["C:\\", "C:\\", "NTFS", "rw,fixed", 255, 260]]}
2022-07-27 16:55:13,554 {"cpu_count": 8, "cpu_usage": 2.9, "cpu_freq": 1803.0, "cpu_stats": {"ctx_switches": 61921889, "interrupts": 39243959, "soft_interrupts": 0, "syscalls": 526288836}, "memory": {"total": 16942211072, "available": 7077228544, "free": 7077228544, "used": 9864982528}, "disk_partitions": [["C:\\", "C:\\", "NTFS", "rw,fixed", 255, 260]]}
2022-07-27 16:55:13,555 {"cpu_count": 8, "cpu_usage": 0.7, "cpu_freq": 1803.0, "cpu_stats": {"ctx_switches": 61931392, "interrupts": 39250778, "soft_interrupts": 0, "syscalls": 526338245}, "memory": {"total": 16942211072, "available": 7076773888, "free": 7076773888, "used": 9865437184}, "disk_partitions": [["C:\\", "C:\\", "NTFS", "rw,fixed", 255, 260]]}
2022-07-27 16:55:13,556 {"cpu_count": 8, "cpu_usage": 3.1, "cpu_freq": 1803.0, "cpu_stats": {"ctx_switches": 61950568, "interrupts": 39264428, "soft_interrupts": 0, "syscalls": 526562507}, "memory": {"total": 16942211072, "available": 7071539200, "free": 7071539200, "used": 9870671872}, "disk_partitions": [["C:\\", "C:\\", "NTFS", "rw,fixed", 255, 260]]}
2022-07-27 16:55:15,571 Recv would block on <socket.socket fd=488, family=AddressFamily.AF_INET6, type=SocketKind.SOCK_STREAM, proto=6, laddr=('::1', 56394, 0, 0), raddr=('::1', 5672, 0, 0)>
2022-07-27 16:55:15,573 {"cpu_count": 8, "cpu_usage": 9.7, "cpu_freq": 1803.0, "cpu_stats": {"ctx_switches": 62004972, "interrupts": 39305673, "soft_interrupts": 0, "syscalls": 526812894}, "memory": {"total": 16942211072, "available": 6965968896, "free": 6965968896, "used": 9976242176}, "disk_partitions": [["C:\\", "C:\\", "NTFS", "rw,fixed", 255, 260]]}
2022-07-27 16:55:20,582 Recv would block on <socket.socket fd=488, family=AddressFamily.AF_INET6, type=SocketKind.SOCK_STREAM, proto=6, laddr=('::1', 56394, 0, 0), raddr=('::1', 5672, 0, 0)>
2022-07-27 16:55:20,583 {"cpu_count": 8, "cpu_usage": 21.0, "cpu_freq": 1803.0, "cpu_stats": {"ctx_switches": 62120721, "interrupts": 39388459, "soft_interrupts": 0, "syscalls": 527468347}, "memory": {"total": 16942211072, "available": 6928855040, "free": 6928855040, "used": 10013356032}, "disk_partitions": [["C:\\", "C:\\", "NTFS", "rw,fixed", 255, 260]]}
2022-07-27 16:55:33,220 Recv would block on <socket.socket fd=488, family=AddressFamily.AF_INET6, type=SocketKind.SOCK_STREAM, proto=6, laddr=('::1', 56394, 0, 0), raddr=('::1', 5672, 0, 0)>
2022-07-27 16:55:33,222 {"cpu_count": 8, "cpu_usage": 9.9, "cpu_freq": 1803.0, "cpu_stats": {"ctx_switches": 62323675, "interrupts": 39518147, "soft_interrupts": 0, "syscalls": 529128788}, "memory": {"total": 16942211072, "available": 6886055936, "free": 6886055936, "used": 10056155136}, "disk_partitions": [["C:\\", "C:\\", "NTFS", "rw,fixed", 255, 260]]}
2022-07-27 16:55:36,221 Recv would block on <socket.socket fd=488, family=AddressFamily.AF_INET6, type=SocketKind.SOCK_STREAM, proto=6, laddr=('::1', 56394, 0, 0), raddr=('::1', 5672, 0, 0)>
2022-07-27 16:55:36,222 {"cpu_count": 8, "cpu_usage": 17.8, "cpu_freq": 1803.0, "cpu_stats": {"ctx_switches": 62385749, "interrupts": 39563148, "soft_interrupts": 0, "syscalls": 529383559}, "memory": {"total": 16942211072, "available": 6834909184, "free": 6834909184, "used": 10107301888}, "disk_partitions": [["C:\\", "C:\\", "NTFS", "rw,fixed", 255, 260]]}
